<?xml version="1.0" encoding="UTF-8"?>
<testsuite xmlns:xsi="http://www.w3.org/2001/XMLSchema-instance" xsi:noNamespaceSchemaLocation="https://maven.apache.org/surefire/maven-surefire-plugin/xsd/surefire-test-report.xsd" version="3.0.2" name="org.example.prispevky.PrispevkyApplicationTests" time="0.628" tests="1" errors="0" skipped="0" failures="0">
  <properties>
[...]
</properties>
  <testcase name="contextLoads" classname="org.example.prispevky.PrispevkyApplicationTests" time="0.004">
    <system-out><![CDATA[2024-08-15T10:05:46.107+02:00  INFO 194516 --- [Prispevky] [           main] t.c.s.AnnotationConfigContextLoaderUtils : Could not detect default configuration classes for test class [org.example.prispevky.PrispevkyApplicationTests]: PrispevkyApplicationTests does not declare any static, non-private, non-final, nested classes annotated with @Configuration.
2024-08-15T10:05:46.110+02:00  INFO 194516 --- [Prispevky] [           main] .b.t.c.SpringBootTestContextBootstrapper : Found @SpringBootConfiguration org.example.prispevky.PrispevkyApplication for test class org.example.prispevky.PrispevkyApplicationTests

  .   ____          _            __ _ _
 /\\ / ___'_ __ _ _(_)_ __  __ _ \ \ \ \
( ( )\___ | '_ | '_| | '_ \/ _` | \ \ \ \
 \\/  ___)| |_)| | | | | || (_| |  ) ) ) )
  '  |____| .__|_| |_|_| |_\__, | / / / /
 =========|_|==============|___/=/_/_/_/

 :: Spring Boot ::       (v3.4.0-SNAPSHOT)

2024-08-15T10:05:46.143+02:00  INFO 194516 --- [Prispevky] [           main] o.e.prispevky.PrispevkyApplicationTests  : Starting PrispevkyApplicationTests using Java 17.0.11 with PID 194516 (started by j in /home/j/ProjectsIntelliJ/Prispevky)
2024-08-15T10:05:46.143+02:00  INFO 194516 --- [Prispevky] [           main] o.e.prispevky.PrispevkyApplicationTests  : No active profile set, falling back to 1 default profile: "default"
2024-08-15T10:05:46.326+02:00  INFO 194516 --- [Prispevky] [           main] .s.d.r.c.RepositoryConfigurationDelegate : Bootstrapping Spring Data JPA repositories in DEFAULT mode.
2024-08-15T10:05:46.333+02:00  INFO 194516 --- [Prispevky] [           main] .s.d.r.c.RepositoryConfigurationDelegate : Finished Spring Data repository scanning in 6 ms. Found 1 JPA repository interface.
2024-08-15T10:05:46.426+02:00  INFO 194516 --- [Prispevky] [           main] com.zaxxer.hikari.HikariDataSource       : HikariPool-2 - Starting...
2024-08-15T10:05:46.428+02:00  INFO 194516 --- [Prispevky] [           main] com.zaxxer.hikari.pool.HikariPool        : HikariPool-2 - Added connection conn10: url=jdbc:h2:mem:~/COMMENTS user=NA
2024-08-15T10:05:46.428+02:00  INFO 194516 --- [Prispevky] [           main] com.zaxxer.hikari.HikariDataSource       : HikariPool-2 - Start completed.
2024-08-15T10:05:46.454+02:00  INFO 194516 --- [Prispevky] [           main] .i.s.PathMatchingResourcePatternResolver : Skipping search for files matching pattern [**/*.class]: directory [/home/j/ProjectsIntelliJ/Prispevky/target/test-classes/org/example/prispevky/entity] does not exist
2024-08-15T10:05:46.456+02:00  INFO 194516 --- [Prispevky] [           main] o.hibernate.jpa.internal.util.LogHelper  : HHH000204: Processing PersistenceUnitInfo [name: default]
2024-08-15T10:05:46.458+02:00  INFO 194516 --- [Prispevky] [           main] o.h.c.internal.RegionFactoryInitiator    : HHH000026: Second-level cache disabled
2024-08-15T10:05:46.470+02:00  INFO 194516 --- [Prispevky] [           main] o.s.o.j.p.SpringPersistenceUnitInfo      : No LoadTimeWeaver setup: ignoring JPA class transformer
2024-08-15T10:05:46.471+02:00  WARN 194516 --- [Prispevky] [           main] org.hibernate.orm.deprecation            : HHH90000025: H2Dialect does not need to be specified explicitly using 'hibernate.dialect' (remove the property setting and it will be selected by default)
2024-08-15T10:05:46.529+02:00  INFO 194516 --- [Prispevky] [           main] o.h.e.t.j.p.i.JtaPlatformInitiator       : HHH000489: No JTA platform available (set 'hibernate.transaction.jta.platform' to enable JTA platform integration)
Hibernate: alter table if exists comments alter column body set data type varchar(255)
2024-08-15T10:05:46.537+02:00  INFO 194516 --- [Prispevky] [           main] j.LocalContainerEntityManagerFactoryBean : Initialized JPA EntityManagerFactory for persistence unit 'default'
2024-08-15T10:05:46.638+02:00  WARN 194516 --- [Prispevky] [           main] JpaBaseConfiguration$JpaWebConfiguration : spring.jpa.open-in-view is enabled by default. Therefore, database queries may be performed during view rendering. Explicitly configure spring.jpa.open-in-view to disable this warning
2024-08-15T10:05:46.696+02:00  INFO 194516 --- [Prispevky] [           main] o.s.b.a.h2.H2ConsoleAutoConfiguration    : H2 console available at '/h2-console'. Database available at 'jdbc:h2:mem:~/COMMENTS'
2024-08-15T10:05:46.719+02:00  INFO 194516 --- [Prispevky] [           main] o.e.prispevky.PrispevkyApplicationTests  : Started PrispevkyApplicationTests in 0.602 seconds (process running for 8.405)
]]></system-out>
  </testcase>
</testsuite>