<?xml version="1.0" encoding="UTF-8"?>
<testsuite xmlns:xsi="http://www.w3.org/2001/XMLSchema-instance" xsi:noNamespaceSchemaLocation="https://maven.apache.org/surefire/maven-surefire-plugin/xsd/surefire-test-report.xsd" version="3.0.2" name="org.example.prispevky.CommentControllerIntegrationTest" time="7.067" tests="10" errors="0" skipped="0" failures="0">
  <properties>
[...]
</properties>
  <testcase name="whenValidationFails_thenBadRequestAndValidationErrorsReturned" classname="org.example.prispevky.CommentControllerIntegrationTest" time="0.74">
    <system-out><![CDATA[10:05:39.219 [main] INFO org.springframework.test.context.support.AnnotationConfigContextLoaderUtils -- Could not detect default configuration classes for test class [org.example.prispevky.CommentControllerIntegrationTest]: CommentControllerIntegrationTest does not declare any static, non-private, non-final, nested classes annotated with @Configuration.
10:05:39.352 [main] INFO org.springframework.boot.test.context.SpringBootTestContextBootstrapper -- Found @SpringBootConfiguration org.example.prispevky.PrispevkyApplication for test class org.example.prispevky.CommentControllerIntegrationTest

  .   ____          _            __ _ _
 /\\ / ___'_ __ _ _(_)_ __  __ _ \ \ \ \
( ( )\___ | '_ | '_| | '_ \/ _` | \ \ \ \
 \\/  ___)| |_)| | | | | || (_| |  ) ) ) )
  '  |____| .__|_| |_|_| |_\__, | / / / /
 =========|_|==============|___/=/_/_/_/

 :: Spring Boot ::       (v3.4.0-SNAPSHOT)

2024-08-15T10:05:39.838+02:00  INFO 194516 --- [Prispevky] [           main] o.e.p.CommentControllerIntegrationTest   : Starting CommentControllerIntegrationTest using Java 17.0.11 with PID 194516 (started by j in /home/j/ProjectsIntelliJ/Prispevky)
2024-08-15T10:05:39.840+02:00  INFO 194516 --- [Prispevky] [           main] o.e.p.CommentControllerIntegrationTest   : No active profile set, falling back to 1 default profile: "default"
2024-08-15T10:05:40.575+02:00  INFO 194516 --- [Prispevky] [           main] .s.d.r.c.RepositoryConfigurationDelegate : Bootstrapping Spring Data JPA repositories in DEFAULT mode.
2024-08-15T10:05:40.722+02:00  INFO 194516 --- [Prispevky] [           main] .s.d.r.c.RepositoryConfigurationDelegate : Finished Spring Data repository scanning in 128 ms. Found 1 JPA repository interface.
2024-08-15T10:05:41.323+02:00  INFO 194516 --- [Prispevky] [           main] o.s.b.w.embedded.tomcat.TomcatWebServer  : Tomcat initialized with port 8081 (http)
2024-08-15T10:05:41.337+02:00  INFO 194516 --- [Prispevky] [           main] o.apache.catalina.core.StandardService   : Starting service [Tomcat]
2024-08-15T10:05:41.338+02:00  INFO 194516 --- [Prispevky] [           main] o.apache.catalina.core.StandardEngine    : Starting Servlet engine: [Apache Tomcat/10.1.28]
2024-08-15T10:05:41.399+02:00  INFO 194516 --- [Prispevky] [           main] o.a.c.c.C.[Tomcat].[localhost].[/]       : Initializing Spring embedded WebApplicationContext
2024-08-15T10:05:41.400+02:00  INFO 194516 --- [Prispevky] [           main] w.s.c.ServletWebServerApplicationContext : Root WebApplicationContext: initialization completed in 1538 ms
2024-08-15T10:05:41.452+02:00  INFO 194516 --- [Prispevky] [           main] com.zaxxer.hikari.HikariDataSource       : HikariPool-1 - Starting...
2024-08-15T10:05:41.669+02:00  INFO 194516 --- [Prispevky] [           main] com.zaxxer.hikari.pool.HikariPool        : HikariPool-1 - Added connection conn0: url=jdbc:h2:mem:~/COMMENTS user=NA
2024-08-15T10:05:41.673+02:00  INFO 194516 --- [Prispevky] [           main] com.zaxxer.hikari.HikariDataSource       : HikariPool-1 - Start completed.
2024-08-15T10:05:41.687+02:00  INFO 194516 --- [Prispevky] [           main] o.s.b.a.h2.H2ConsoleAutoConfiguration    : H2 console available at '/h2-console'. Database available at 'jdbc:h2:mem:~/COMMENTS'
2024-08-15T10:05:41.876+02:00  INFO 194516 --- [Prispevky] [           main] .i.s.PathMatchingResourcePatternResolver : Skipping search for files matching pattern [**/*.class]: directory [/home/j/ProjectsIntelliJ/Prispevky/target/test-classes/org/example/prispevky/entity] does not exist
2024-08-15T10:05:41.907+02:00  INFO 194516 --- [Prispevky] [           main] o.hibernate.jpa.internal.util.LogHelper  : HHH000204: Processing PersistenceUnitInfo [name: default]
2024-08-15T10:05:41.993+02:00  INFO 194516 --- [Prispevky] [           main] org.hibernate.Version                    : HHH000412: Hibernate ORM core version 6.5.2.Final
2024-08-15T10:05:42.042+02:00  INFO 194516 --- [Prispevky] [           main] o.h.c.internal.RegionFactoryInitiator    : HHH000026: Second-level cache disabled
2024-08-15T10:05:42.336+02:00  INFO 194516 --- [Prispevky] [           main] o.s.o.j.p.SpringPersistenceUnitInfo      : No LoadTimeWeaver setup: ignoring JPA class transformer
2024-08-15T10:05:42.375+02:00  WARN 194516 --- [Prispevky] [           main] org.hibernate.orm.deprecation            : HHH90000025: H2Dialect does not need to be specified explicitly using 'hibernate.dialect' (remove the property setting and it will be selected by default)
2024-08-15T10:05:43.147+02:00  INFO 194516 --- [Prispevky] [           main] o.h.e.t.j.p.i.JtaPlatformInitiator       : HHH000489: No JTA platform available (set 'hibernate.transaction.jta.platform' to enable JTA platform integration)
Hibernate: alter table if exists comments alter column body set data type varchar(255)
2024-08-15T10:05:43.197+02:00  INFO 194516 --- [Prispevky] [           main] j.LocalContainerEntityManagerFactoryBean : Initialized JPA EntityManagerFactory for persistence unit 'default'
2024-08-15T10:05:43.712+02:00  WARN 194516 --- [Prispevky] [           main] JpaBaseConfiguration$JpaWebConfiguration : spring.jpa.open-in-view is enabled by default. Therefore, database queries may be performed during view rendering. Explicitly configure spring.jpa.open-in-view to disable this warning
2024-08-15T10:05:44.203+02:00  INFO 194516 --- [Prispevky] [           main] o.s.b.w.embedded.tomcat.TomcatWebServer  : Tomcat started on port 8081 (http) with context path '/'
2024-08-15T10:05:44.216+02:00  INFO 194516 --- [Prispevky] [           main] o.e.p.CommentControllerIntegrationTest   : Started CommentControllerIntegrationTest in 4.685 seconds (process running for 5.902)
2024-08-15T10:05:44.810+02:00  INFO 194516 --- [Prispevky] [nio-8081-exec-1] o.a.c.c.C.[Tomcat].[localhost].[/]       : Initializing Spring DispatcherServlet 'dispatcherServlet'
2024-08-15T10:05:44.811+02:00  INFO 194516 --- [Prispevky] [nio-8081-exec-1] o.s.web.servlet.DispatcherServlet        : Initializing Servlet 'dispatcherServlet'
2024-08-15T10:05:44.812+02:00  INFO 194516 --- [Prispevky] [nio-8081-exec-1] o.s.web.servlet.DispatcherServlet        : Completed initialization in 1 ms
]]></system-out>
  </testcase>
  <testcase name="testDeleteComment" classname="org.example.prispevky.CommentControllerIntegrationTest" time="0.74">
    <system-out><![CDATA[Hibernate: insert into comments (body,title,userid,id) values (?,?,?,default)
Hibernate: select c1_0.id,c1_0.body,c1_0.title,c1_0.userid from comments c1_0 where c1_0.id=?
Hibernate: delete from comments where id=?
Hibernate: select c1_0.id,c1_0.body,c1_0.title,c1_0.userid from comments c1_0 where c1_0.id=?
]]></system-out>
  </testcase>
  <testcase name="testCreateComment_Successful" classname="org.example.prispevky.CommentControllerIntegrationTest" time="0.048">
    <system-out><![CDATA[Hibernate: insert into comments (body,title,userid,id) values (?,?,?,default)
]]></system-out>
  </testcase>
  <testcase name="testCreateComment_InvalidUserId" classname="org.example.prispevky.CommentControllerIntegrationTest" time="0.069"/>
  <testcase name="testUpdateCommentsUserIdNotPossible" classname="org.example.prispevky.CommentControllerIntegrationTest" time="0.059">
    <system-out><![CDATA[Hibernate: insert into comments (body,title,userid,id) values (?,?,?,default)
Hibernate: select c1_0.id,c1_0.body,c1_0.title,c1_0.userid from comments c1_0 where c1_0.id=?
Hibernate: update comments set body=?,title=?,userid=? where id=?
]]></system-out>
  </testcase>
  <testcase name="testGetCommentsByUserId" classname="org.example.prispevky.CommentControllerIntegrationTest" time="0.12">
    <system-out><![CDATA[Hibernate: select c1_0.id,c1_0.body,c1_0.title,c1_0.userid from comments c1_0 where c1_0.userid=?
]]></system-out>
  </testcase>
  <testcase name="testGetCommentById" classname="org.example.prispevky.CommentControllerIntegrationTest" time="0.016">
    <system-out><![CDATA[Hibernate: select c1_0.id,c1_0.body,c1_0.title,c1_0.userid from comments c1_0 where c1_0.id=?
]]></system-out>
  </testcase>
  <testcase name="testUpdateComment" classname="org.example.prispevky.CommentControllerIntegrationTest" time="0.015">
    <system-out><![CDATA[Hibernate: select c1_0.id,c1_0.body,c1_0.title,c1_0.userid from comments c1_0 where c1_0.id=?
Hibernate: update comments set body=?,title=?,userid=? where id=?
]]></system-out>
  </testcase>
  <testcase name="testGetCommentByIdNotFound" classname="org.example.prispevky.CommentControllerIntegrationTest" time="0.044">
    <system-out><![CDATA[Hibernate: select c1_0.id,c1_0.body,c1_0.title,c1_0.userid from comments c1_0 where c1_0.id=?
]]></system-out>
  </testcase>
  <testcase name="testGetAllComments" classname="org.example.prispevky.CommentControllerIntegrationTest" time="0.011">
    <system-out><![CDATA[Hibernate: select c1_0.id,c1_0.body,c1_0.title,c1_0.userid from comments c1_0
]]></system-out>
  </testcase>
</testsuite>